0 info it worked if it ends with ok
1 verbose cli [ '/usr/bin/nodejs', '/usr/bin/npm', 'install', 'node' ]
2 info using npm@3.5.2
3 info using node@v4.2.6
4 silly loadCurrentTree Starting
5 silly install loadCurrentTree
6 silly install readLocalPackageData
7 silly fetchPackageMetaData node
8 silly fetchNamedPackageData node
9 silly mapToRegistry name node
10 silly mapToRegistry using default registry
11 silly mapToRegistry registry https://registry.npmjs.org/
12 silly mapToRegistry uri https://registry.npmjs.org/node
13 verbose request uri https://registry.npmjs.org/node
14 verbose request no auth needed
15 info attempt registry request try #1 at 8:37:58 PM
16 verbose request id e4a9d6efa8e21e01
17 http request GET https://registry.npmjs.org/node
18 http 200 https://registry.npmjs.org/node
19 verbose headers { 'content-type': 'application/json; charset=UTF-8',
19 verbose headers   server: 'UploadServer',
19 verbose headers   'cache-control': 'max-age=300',
19 verbose headers   'last-modified': 'Mon, 15 Jan 2018 15:37:25 GMT',
19 verbose headers   etag: '"5a5ccab5-53bb4"',
19 verbose headers   'content-encoding': 'gzip',
19 verbose headers   'content-length': '55697',
19 verbose headers   'accept-ranges': 'bytes',
19 verbose headers   date: 'Mon, 22 Jan 2018 11:38:00 GMT',
19 verbose headers   via: '1.1 varnish',
19 verbose headers   age: '8131',
19 verbose headers   connection: 'keep-alive',
19 verbose headers   'x-served-by': 'cache-hnd18721-HND',
19 verbose headers   'x-cache': 'HIT',
19 verbose headers   'x-cache-hits': '2',
19 verbose headers   'x-timer': 'S1516621080.103180,VS0,VE0',
19 verbose headers   vary: 'Accept-Encoding, Accept' }
20 silly get cb [ 200,
20 silly get   { 'content-type': 'application/json; charset=UTF-8',
20 silly get     server: 'UploadServer',
20 silly get     'cache-control': 'max-age=300',
20 silly get     'last-modified': 'Mon, 15 Jan 2018 15:37:25 GMT',
20 silly get     etag: '"5a5ccab5-53bb4"',
20 silly get     'content-encoding': 'gzip',
20 silly get     'content-length': '55697',
20 silly get     'accept-ranges': 'bytes',
20 silly get     date: 'Mon, 22 Jan 2018 11:38:00 GMT',
20 silly get     via: '1.1 varnish',
20 silly get     age: '8131',
20 silly get     connection: 'keep-alive',
20 silly get     'x-served-by': 'cache-hnd18721-HND',
20 silly get     'x-cache': 'HIT',
20 silly get     'x-cache-hits': '2',
20 silly get     'x-timer': 'S1516621080.103180,VS0,VE0',
20 silly get     vary: 'Accept-Encoding, Accept' } ]
21 verbose get saving node to /root/.npm/registry.npmjs.org/node/.cache.json
22 silly install normalizeTree
23 silly loadCurrentTree Finishing
24 silly loadIdealTree Starting
25 silly install loadIdealTree
26 silly cloneCurrentTree Starting
27 silly install cloneCurrentTreeToIdealTree
28 silly cloneCurrentTree Finishing
29 silly loadShrinkwrap Starting
30 silly install loadShrinkwrap
31 silly loadShrinkwrap Finishing
32 silly loadAllDepsIntoIdealTree Starting
33 silly install loadAllDepsIntoIdealTree
34 silly resolveWithNewModule node@9.4.0 checking installable status
35 silly cache add args [ 'node', null ]
36 verbose cache add spec node
37 silly cache add parsed spec Result {
37 silly cache add   raw: 'node',
37 silly cache add   scope: null,
37 silly cache add   name: 'node',
37 silly cache add   rawSpec: '',
37 silly cache add   spec: 'latest',
37 silly cache add   type: 'tag' }
38 silly addNamed node@latest
39 verbose addNamed "latest" is being treated as a dist-tag for node
40 info addNameTag [ 'node', 'latest' ]
41 silly mapToRegistry name node
42 silly mapToRegistry using default registry
43 silly mapToRegistry registry https://registry.npmjs.org/
44 silly mapToRegistry uri https://registry.npmjs.org/node
45 verbose addNameTag registry:https://registry.npmjs.org/node not in flight; fetching
46 verbose get https://registry.npmjs.org/node not expired, no request
47 silly addNameTag next cb for node with tag latest
48 silly addNamed node@9.4.0
49 verbose addNamed "9.4.0" is a plain semver version for node
50 silly mapToRegistry name node
51 silly mapToRegistry using default registry
52 silly mapToRegistry registry https://registry.npmjs.org/
53 silly mapToRegistry uri https://registry.npmjs.org/node
54 verbose addRemoteTarball https://registry.npmjs.org/node/-/node-9.4.0.tgz not in flight; adding
55 verbose addRemoteTarball [ 'https://registry.npmjs.org/node/-/node-9.4.0.tgz',
55 verbose addRemoteTarball   '607459ecd79af0f91e74318124bec0537644cdee' ]
56 info retry fetch attempt 1 at 8:38:00 PM
57 info attempt registry request try #1 at 8:38:00 PM
58 http fetch GET https://registry.npmjs.org/node/-/node-9.4.0.tgz
59 http fetch 200 https://registry.npmjs.org/node/-/node-9.4.0.tgz
60 silly fetchAndShaCheck shasum 607459ecd79af0f91e74318124bec0537644cdee
61 verbose addTmpTarball /tmp/npm-1468-83ef2b85/registry.npmjs.org/node/-/node-9.4.0.tgz not in flight; adding
62 verbose addTmpTarball already have metadata; skipping unpack for node@9.4.0
63 silly cache afterAdd node@9.4.0
64 verbose afterAdd /root/.npm/node/9.4.0/package/package.json not in flight; writing
65 verbose afterAdd /root/.npm/node/9.4.0/package/package.json written
66 silly fetchNamedPackageData node-bin-setup
67 silly mapToRegistry name node-bin-setup
68 silly mapToRegistry using default registry
69 silly mapToRegistry registry https://registry.npmjs.org/
70 silly mapToRegistry uri https://registry.npmjs.org/node-bin-setup
71 verbose request uri https://registry.npmjs.org/node-bin-setup
72 verbose request no auth needed
73 info attempt registry request try #1 at 8:38:01 PM
74 http request GET https://registry.npmjs.org/node-bin-setup
75 http 200 https://registry.npmjs.org/node-bin-setup
76 verbose headers { 'content-type': 'application/json; charset=UTF-8',
76 verbose headers   server: 'UploadServer',
76 verbose headers   'cache-control': 'max-age=300',
76 verbose headers   'last-modified': 'Tue, 25 Jul 2017 3:32:58 GMT',
76 verbose headers   etag: '"5976bbea-1511"',
76 verbose headers   'content-encoding': 'gzip',
76 verbose headers   'content-length': '1464',
76 verbose headers   'accept-ranges': 'bytes',
76 verbose headers   date: 'Mon, 22 Jan 2018 11:38:01 GMT',
76 verbose headers   via: '1.1 varnish',
76 verbose headers   age: '8034',
76 verbose headers   connection: 'keep-alive',
76 verbose headers   'x-served-by': 'cache-hnd18749-HND',
76 verbose headers   'x-cache': 'HIT',
76 verbose headers   'x-cache-hits': '2',
76 verbose headers   'x-timer': 'S1516621081.272369,VS0,VE0',
76 verbose headers   vary: 'Accept-Encoding, Accept' }
77 silly get cb [ 200,
77 silly get   { 'content-type': 'application/json; charset=UTF-8',
77 silly get     server: 'UploadServer',
77 silly get     'cache-control': 'max-age=300',
77 silly get     'last-modified': 'Tue, 25 Jul 2017 3:32:58 GMT',
77 silly get     etag: '"5976bbea-1511"',
77 silly get     'content-encoding': 'gzip',
77 silly get     'content-length': '1464',
77 silly get     'accept-ranges': 'bytes',
77 silly get     date: 'Mon, 22 Jan 2018 11:38:01 GMT',
77 silly get     via: '1.1 varnish',
77 silly get     age: '8034',
77 silly get     connection: 'keep-alive',
77 silly get     'x-served-by': 'cache-hnd18749-HND',
77 silly get     'x-cache': 'HIT',
77 silly get     'x-cache-hits': '2',
77 silly get     'x-timer': 'S1516621081.272369,VS0,VE0',
77 silly get     vary: 'Accept-Encoding, Accept' } ]
78 verbose get saving node-bin-setup to /root/.npm/registry.npmjs.org/node-bin-setup/.cache.json
79 silly resolveWithNewModule node-bin-setup@1.0.6 checking installable status
80 silly cache add args [ 'node-bin-setup@^1.0.0', null ]
81 verbose cache add spec node-bin-setup@^1.0.0
82 silly cache add parsed spec Result {
82 silly cache add   raw: 'node-bin-setup@^1.0.0',
82 silly cache add   scope: null,
82 silly cache add   name: 'node-bin-setup',
82 silly cache add   rawSpec: '^1.0.0',
82 silly cache add   spec: '>=1.0.0 <2.0.0',
82 silly cache add   type: 'range' }
83 silly addNamed node-bin-setup@>=1.0.0 <2.0.0
84 verbose addNamed ">=1.0.0 <2.0.0" is a valid semver range for node-bin-setup
85 silly addNameRange { name: 'node-bin-setup',
85 silly addNameRange   range: '>=1.0.0 <2.0.0',
85 silly addNameRange   hasData: false }
86 silly mapToRegistry name node-bin-setup
87 silly mapToRegistry using default registry
88 silly mapToRegistry registry https://registry.npmjs.org/
89 silly mapToRegistry uri https://registry.npmjs.org/node-bin-setup
90 verbose addNameRange registry:https://registry.npmjs.org/node-bin-setup not in flight; fetching
91 verbose get https://registry.npmjs.org/node-bin-setup not expired, no request
92 silly addNameRange number 2 { name: 'node-bin-setup',
92 silly addNameRange   range: '>=1.0.0 <2.0.0',
92 silly addNameRange   hasData: true }
93 silly addNameRange versions [ 'node-bin-setup',
93 silly addNameRange   [ '1.0.0', '1.0.1', '1.0.2', '1.0.3', '1.0.4', '1.0.6' ] ]
94 silly addNamed node-bin-setup@1.0.6
95 verbose addNamed "1.0.6" is a plain semver version for node-bin-setup
96 silly mapToRegistry name node-bin-setup
97 silly mapToRegistry using default registry
98 silly mapToRegistry registry https://registry.npmjs.org/
99 silly mapToRegistry uri https://registry.npmjs.org/node-bin-setup
100 verbose addRemoteTarball https://registry.npmjs.org/node-bin-setup/-/node-bin-setup-1.0.6.tgz not in flight; adding
101 verbose addRemoteTarball [ 'https://registry.npmjs.org/node-bin-setup/-/node-bin-setup-1.0.6.tgz',
101 verbose addRemoteTarball   '4b5c9bb937ece702d7069b36ca78af4684677528' ]
102 info retry fetch attempt 1 at 8:38:01 PM
103 info attempt registry request try #1 at 8:38:01 PM
104 http fetch GET https://registry.npmjs.org/node-bin-setup/-/node-bin-setup-1.0.6.tgz
105 http fetch 200 https://registry.npmjs.org/node-bin-setup/-/node-bin-setup-1.0.6.tgz
106 silly fetchAndShaCheck shasum 4b5c9bb937ece702d7069b36ca78af4684677528
107 verbose addTmpTarball /tmp/npm-1468-83ef2b85/registry.npmjs.org/node-bin-setup/-/node-bin-setup-1.0.6.tgz not in flight; adding
108 verbose addTmpTarball already have metadata; skipping unpack for node-bin-setup@1.0.6
109 silly cache afterAdd node-bin-setup@1.0.6
110 verbose afterAdd /root/.npm/node-bin-setup/1.0.6/package/package.json not in flight; writing
111 verbose afterAdd /root/.npm/node-bin-setup/1.0.6/package/package.json written
112 silly loadAllDepsIntoIdealTree Finishing
113 silly idealTree:prePrune timetable@1.0.0
113 silly idealTree:prePrune ├── accepts@1.3.4
113 silly idealTree:prePrune ├── array-flatten@1.1.1
113 silly idealTree:prePrune ├── async@2.1.4
113 silly idealTree:prePrune ├── bluebird@3.5.0
113 silly idealTree:prePrune ├── body-parser@1.18.2
113 silly idealTree:prePrune ├── bson@1.0.4
113 silly idealTree:prePrune ├── bytes@3.0.0
113 silly idealTree:prePrune ├── content-disposition@0.5.2
113 silly idealTree:prePrune ├── content-type@1.0.4
113 silly idealTree:prePrune ├── cookie-signature@1.0.6
113 silly idealTree:prePrune ├── cookie@0.3.1
113 silly idealTree:prePrune ├── debug@2.6.9
113 silly idealTree:prePrune ├── depd@1.1.2
113 silly idealTree:prePrune ├── destroy@1.0.4
113 silly idealTree:prePrune ├── ee-first@1.1.1
113 silly idealTree:prePrune ├── encodeurl@1.0.1
113 silly idealTree:prePrune ├── escape-html@1.0.3
113 silly idealTree:prePrune ├── etag@1.8.1
113 silly idealTree:prePrune ├── express@4.16.2
113 silly idealTree:prePrune ├── finalhandler@1.1.0
113 silly idealTree:prePrune ├── forwarded@0.1.2
113 silly idealTree:prePrune ├── fresh@0.5.2
113 silly idealTree:prePrune ├─┬ http-errors@1.6.2
113 silly idealTree:prePrune │ ├── depd@1.1.1
113 silly idealTree:prePrune │ └── setprototypeof@1.0.3
113 silly idealTree:prePrune ├── iconv-lite@0.4.19
113 silly idealTree:prePrune ├── inherits@2.0.3
113 silly idealTree:prePrune ├── ipaddr.js@1.5.2
113 silly idealTree:prePrune ├── kareem@2.0.1
113 silly idealTree:prePrune ├── lodash.get@4.4.2
113 silly idealTree:prePrune ├── lodash@4.17.4
113 silly idealTree:prePrune ├── media-typer@0.3.0
113 silly idealTree:prePrune ├── merge-descriptors@1.0.1
113 silly idealTree:prePrune ├── methods@1.1.2
113 silly idealTree:prePrune ├── mime-db@1.30.0
113 silly idealTree:prePrune ├── mime-types@2.1.17
113 silly idealTree:prePrune ├── mime@1.4.1
113 silly idealTree:prePrune ├── mongodb-core@3.0.1
113 silly idealTree:prePrune ├── mongodb@3.0.1
113 silly idealTree:prePrune ├── mongoose-legacy-pluralize@1.0.1
113 silly idealTree:prePrune ├── mongoose@5.0.1
113 silly idealTree:prePrune ├── mpath@0.3.0
113 silly idealTree:prePrune ├─┬ mquery@3.0.0-rc0
113 silly idealTree:prePrune │ └── sliced@0.0.5
113 silly idealTree:prePrune ├── ms@2.0.0
113 silly idealTree:prePrune ├── negotiator@0.6.1
113 silly idealTree:prePrune ├── node-bin-setup@1.0.6
113 silly idealTree:prePrune ├── node@9.4.0
113 silly idealTree:prePrune ├── on-finished@2.3.0
113 silly idealTree:prePrune ├── parseurl@1.3.2
113 silly idealTree:prePrune ├── path-to-regexp@0.1.7
113 silly idealTree:prePrune ├── proxy-addr@2.0.2
113 silly idealTree:prePrune ├── qs@6.5.1
113 silly idealTree:prePrune ├── range-parser@1.2.0
113 silly idealTree:prePrune ├── raw-body@2.3.2
113 silly idealTree:prePrune ├── regexp-clone@0.0.1
113 silly idealTree:prePrune ├── require_optional@1.0.1
113 silly idealTree:prePrune ├── resolve-from@2.0.0
113 silly idealTree:prePrune ├── safe-buffer@5.1.1
113 silly idealTree:prePrune ├── semver@5.5.0
113 silly idealTree:prePrune ├── send@0.16.1
113 silly idealTree:prePrune ├── serve-static@1.13.1
113 silly idealTree:prePrune ├── setprototypeof@1.1.0
113 silly idealTree:prePrune ├── sliced@1.0.1
113 silly idealTree:prePrune ├── statuses@1.3.1
113 silly idealTree:prePrune ├── type-is@1.6.15
113 silly idealTree:prePrune ├── unpipe@1.0.0
113 silly idealTree:prePrune ├── utils-merge@1.0.1
113 silly idealTree:prePrune └── vary@1.1.2
114 silly loadIdealTree Finishing
115 silly currentTree timetable@1.0.0
115 silly currentTree ├── accepts@1.3.4
115 silly currentTree ├── array-flatten@1.1.1
115 silly currentTree ├── async@2.1.4
115 silly currentTree ├── bluebird@3.5.0
115 silly currentTree ├── body-parser@1.18.2
115 silly currentTree ├── bson@1.0.4
115 silly currentTree ├── bytes@3.0.0
115 silly currentTree ├── content-disposition@0.5.2
115 silly currentTree ├── content-type@1.0.4
115 silly currentTree ├── cookie-signature@1.0.6
115 silly currentTree ├── cookie@0.3.1
115 silly currentTree ├── debug@2.6.9
115 silly currentTree ├── depd@1.1.2
115 silly currentTree ├── destroy@1.0.4
115 silly currentTree ├── ee-first@1.1.1
115 silly currentTree ├── encodeurl@1.0.1
115 silly currentTree ├── escape-html@1.0.3
115 silly currentTree ├── etag@1.8.1
115 silly currentTree ├── express@4.16.2
115 silly currentTree ├── finalhandler@1.1.0
115 silly currentTree ├── forwarded@0.1.2
115 silly currentTree ├── fresh@0.5.2
115 silly currentTree ├─┬ http-errors@1.6.2
115 silly currentTree │ ├── depd@1.1.1
115 silly currentTree │ └── setprototypeof@1.0.3
115 silly currentTree ├── iconv-lite@0.4.19
115 silly currentTree ├── inherits@2.0.3
115 silly currentTree ├── ipaddr.js@1.5.2
115 silly currentTree ├── kareem@2.0.1
115 silly currentTree ├── lodash.get@4.4.2
115 silly currentTree ├── lodash@4.17.4
115 silly currentTree ├── media-typer@0.3.0
115 silly currentTree ├── merge-descriptors@1.0.1
115 silly currentTree ├── methods@1.1.2
115 silly currentTree ├── mime-db@1.30.0
115 silly currentTree ├── mime-types@2.1.17
115 silly currentTree ├── mime@1.4.1
115 silly currentTree ├── mongodb-core@3.0.1
115 silly currentTree ├── mongodb@3.0.1
115 silly currentTree ├── mongoose-legacy-pluralize@1.0.1
115 silly currentTree ├── mongoose@5.0.1
115 silly currentTree ├── mpath@0.3.0
115 silly currentTree ├─┬ mquery@3.0.0-rc0
115 silly currentTree │ └── sliced@0.0.5
115 silly currentTree ├── ms@2.0.0
115 silly currentTree ├── negotiator@0.6.1
115 silly currentTree ├── on-finished@2.3.0
115 silly currentTree ├── parseurl@1.3.2
115 silly currentTree ├── path-to-regexp@0.1.7
115 silly currentTree ├── proxy-addr@2.0.2
115 silly currentTree ├── qs@6.5.1
115 silly currentTree ├── range-parser@1.2.0
115 silly currentTree ├── raw-body@2.3.2
115 silly currentTree ├── regexp-clone@0.0.1
115 silly currentTree ├── require_optional@1.0.1
115 silly currentTree ├── resolve-from@2.0.0
115 silly currentTree ├── safe-buffer@5.1.1
115 silly currentTree ├── semver@5.5.0
115 silly currentTree ├── send@0.16.1
115 silly currentTree ├── serve-static@1.13.1
115 silly currentTree ├── setprototypeof@1.1.0
115 silly currentTree ├── sliced@1.0.1
115 silly currentTree ├── statuses@1.3.1
115 silly currentTree ├── type-is@1.6.15
115 silly currentTree ├── unpipe@1.0.0
115 silly currentTree ├── utils-merge@1.0.1
115 silly currentTree └── vary@1.1.2
116 silly idealTree timetable@1.0.0
116 silly idealTree ├── accepts@1.3.4
116 silly idealTree ├── array-flatten@1.1.1
116 silly idealTree ├── async@2.1.4
116 silly idealTree ├── bluebird@3.5.0
116 silly idealTree ├── body-parser@1.18.2
116 silly idealTree ├── bson@1.0.4
116 silly idealTree ├── bytes@3.0.0
116 silly idealTree ├── content-disposition@0.5.2
116 silly idealTree ├── content-type@1.0.4
116 silly idealTree ├── cookie-signature@1.0.6
116 silly idealTree ├── cookie@0.3.1
116 silly idealTree ├── debug@2.6.9
116 silly idealTree ├── depd@1.1.2
116 silly idealTree ├── destroy@1.0.4
116 silly idealTree ├── ee-first@1.1.1
116 silly idealTree ├── encodeurl@1.0.1
116 silly idealTree ├── escape-html@1.0.3
116 silly idealTree ├── etag@1.8.1
116 silly idealTree ├── express@4.16.2
116 silly idealTree ├── finalhandler@1.1.0
116 silly idealTree ├── forwarded@0.1.2
116 silly idealTree ├── fresh@0.5.2
116 silly idealTree ├─┬ http-errors@1.6.2
116 silly idealTree │ ├── depd@1.1.1
116 silly idealTree │ └── setprototypeof@1.0.3
116 silly idealTree ├── iconv-lite@0.4.19
116 silly idealTree ├── inherits@2.0.3
116 silly idealTree ├── ipaddr.js@1.5.2
116 silly idealTree ├── kareem@2.0.1
116 silly idealTree ├── lodash.get@4.4.2
116 silly idealTree ├── lodash@4.17.4
116 silly idealTree ├── media-typer@0.3.0
116 silly idealTree ├── merge-descriptors@1.0.1
116 silly idealTree ├── methods@1.1.2
116 silly idealTree ├── mime-db@1.30.0
116 silly idealTree ├── mime-types@2.1.17
116 silly idealTree ├── mime@1.4.1
116 silly idealTree ├── mongodb-core@3.0.1
116 silly idealTree ├── mongodb@3.0.1
116 silly idealTree ├── mongoose-legacy-pluralize@1.0.1
116 silly idealTree ├── mongoose@5.0.1
116 silly idealTree ├── mpath@0.3.0
116 silly idealTree ├─┬ mquery@3.0.0-rc0
116 silly idealTree │ └── sliced@0.0.5
116 silly idealTree ├── ms@2.0.0
116 silly idealTree ├── negotiator@0.6.1
116 silly idealTree ├── node-bin-setup@1.0.6
116 silly idealTree ├── node@9.4.0
116 silly idealTree ├── on-finished@2.3.0
116 silly idealTree ├── parseurl@1.3.2
116 silly idealTree ├── path-to-regexp@0.1.7
116 silly idealTree ├── proxy-addr@2.0.2
116 silly idealTree ├── qs@6.5.1
116 silly idealTree ├── range-parser@1.2.0
116 silly idealTree ├── raw-body@2.3.2
116 silly idealTree ├── regexp-clone@0.0.1
116 silly idealTree ├── require_optional@1.0.1
116 silly idealTree ├── resolve-from@2.0.0
116 silly idealTree ├── safe-buffer@5.1.1
116 silly idealTree ├── semver@5.5.0
116 silly idealTree ├── send@0.16.1
116 silly idealTree ├── serve-static@1.13.1
116 silly idealTree ├── setprototypeof@1.1.0
116 silly idealTree ├── sliced@1.0.1
116 silly idealTree ├── statuses@1.3.1
116 silly idealTree ├── type-is@1.6.15
116 silly idealTree ├── unpipe@1.0.0
116 silly idealTree ├── utils-merge@1.0.1
116 silly idealTree └── vary@1.1.2
117 silly generateActionsToTake Starting
118 silly install generateActionsToTake
119 silly generateActionsToTake Finishing
120 silly diffTrees action count 4
121 silly diffTrees add node-bin-setup@1.0.6
122 silly diffTrees update express@4.16.2
123 silly diffTrees update mongoose@5.0.1
124 silly diffTrees add node@9.4.0
125 silly decomposeActions action count 32
126 silly decomposeActions fetch node-bin-setup@1.0.6
127 silly decomposeActions extract node-bin-setup@1.0.6
128 silly decomposeActions test node-bin-setup@1.0.6
129 silly decomposeActions preinstall node-bin-setup@1.0.6
130 silly decomposeActions build node-bin-setup@1.0.6
131 silly decomposeActions install node-bin-setup@1.0.6
132 silly decomposeActions postinstall node-bin-setup@1.0.6
133 silly decomposeActions finalize node-bin-setup@1.0.6
134 silly decomposeActions fetch express@4.16.2
135 silly decomposeActions extract express@4.16.2
136 silly decomposeActions test express@4.16.2
137 silly decomposeActions preinstall express@4.16.2
138 silly decomposeActions build express@4.16.2
139 silly decomposeActions install express@4.16.2
140 silly decomposeActions postinstall express@4.16.2
141 silly decomposeActions finalize express@4.16.2
142 silly decomposeActions fetch mongoose@5.0.1
143 silly decomposeActions extract mongoose@5.0.1
144 silly decomposeActions test mongoose@5.0.1
145 silly decomposeActions preinstall mongoose@5.0.1
146 silly decomposeActions build mongoose@5.0.1
147 silly decomposeActions install mongoose@5.0.1
148 silly decomposeActions postinstall mongoose@5.0.1
149 silly decomposeActions finalize mongoose@5.0.1
150 silly decomposeActions fetch node@9.4.0
151 silly decomposeActions extract node@9.4.0
152 silly decomposeActions test node@9.4.0
153 silly decomposeActions preinstall node@9.4.0
154 silly decomposeActions build node@9.4.0
155 silly decomposeActions install node@9.4.0
156 silly decomposeActions postinstall node@9.4.0
157 silly decomposeActions finalize node@9.4.0
158 silly executeActions Starting
159 silly install executeActions
160 silly doSerial global-install 0
161 silly doParallel fetch 4
162 verbose lock using /root/.npm/_locks/staging-ac09b62247921740.lock for /root/timetable/node_modules/.staging
163 silly doParallel extract 4
164 silly extract node-bin-setup@1.0.6
165 silly extract express@4.16.2
166 silly extract mongoose@5.0.1
167 silly extract node@9.4.0
168 silly addNamed express@4.16.2
169 verbose addNamed "4.16.2" is a plain semver version for express
170 silly mapToRegistry name express
171 silly mapToRegistry using default registry
172 silly mapToRegistry registry https://registry.npmjs.org/
173 silly mapToRegistry uri https://registry.npmjs.org/express
174 verbose addNameVersion registry:https://registry.npmjs.org/express not in flight; fetching
175 silly addNamed mongoose@5.0.1
176 verbose addNamed "5.0.1" is a plain semver version for mongoose
177 silly mapToRegistry name mongoose
178 silly mapToRegistry using default registry
179 silly mapToRegistry registry https://registry.npmjs.org/
180 silly mapToRegistry uri https://registry.npmjs.org/mongoose
181 verbose addNameVersion registry:https://registry.npmjs.org/mongoose not in flight; fetching
182 verbose request uri https://registry.npmjs.org/express
183 verbose request no auth needed
184 info attempt registry request try #1 at 8:38:01 PM
185 http request GET https://registry.npmjs.org/express
186 verbose request uri https://registry.npmjs.org/mongoose
187 verbose request no auth needed
188 info attempt registry request try #1 at 8:38:01 PM
189 http request GET https://registry.npmjs.org/mongoose
190 verbose unbuild node_modules/.staging/node-bin-setup-7e609bc9
191 verbose unbuild node_modules/.staging/node-b1947ec6
192 silly gentlyRm /root/timetable/node_modules/.staging/node-bin-setup-7e609bc9 is being purged from base /root/timetable
193 verbose gentlyRm don't care about contents; nuking /root/timetable/node_modules/.staging/node-bin-setup-7e609bc9
194 verbose tar unpack /root/.npm/node-bin-setup/1.0.6/package.tgz
195 verbose tar unpacking to /root/timetable/node_modules/.staging/node-bin-setup-7e609bc9
196 silly gentlyRm /root/timetable/node_modules/.staging/node-bin-setup-7e609bc9 is being purged
197 verbose gentlyRm don't care about contents; nuking /root/timetable/node_modules/.staging/node-bin-setup-7e609bc9
198 silly gentlyRm /root/timetable/node_modules/.staging/node-b1947ec6 is being purged from base /root/timetable
199 verbose gentlyRm don't care about contents; nuking /root/timetable/node_modules/.staging/node-b1947ec6
200 silly gunzTarPerm modes [ '755', '644' ]
201 verbose tar unpack /root/.npm/node/9.4.0/package.tgz
202 verbose tar unpacking to /root/timetable/node_modules/.staging/node-b1947ec6
203 silly gentlyRm /root/timetable/node_modules/.staging/node-b1947ec6 is being purged
204 verbose gentlyRm don't care about contents; nuking /root/timetable/node_modules/.staging/node-b1947ec6
205 silly gunzTarPerm modes [ '755', '644' ]
206 silly gunzTarPerm extractEntry package.json
207 silly gunzTarPerm extractEntry package.json
208 silly gunzTarPerm extractEntry index.js
209 silly gunzTarPerm extractEntry installArchSpecificPackage.js
210 silly gunzTarPerm extractEntry README.md
211 silly gentlyRm /root/timetable/node_modules/.staging/node-bin-setup-7e609bc9/node_modules is being purged
212 verbose gentlyRm don't care about contents; nuking /root/timetable/node_modules/.staging/node-bin-setup-7e609bc9/node_modules
213 silly gentlyRm /root/timetable/node_modules/.staging/node-b1947ec6/node_modules is being purged
214 verbose gentlyRm don't care about contents; nuking /root/timetable/node_modules/.staging/node-b1947ec6/node_modules
215 http 200 https://registry.npmjs.org/mongoose
216 verbose headers { 'content-type': 'application/json; charset=UTF-8',
216 verbose headers   server: 'UploadServer',
216 verbose headers   'cache-control': 'max-age=300',
216 verbose headers   'last-modified': 'Sat, 20 Jan 2018 2:58:37 GMT',
216 verbose headers   etag: '"5a62b05d-b1157"',
216 verbose headers   'content-encoding': 'gzip',
216 verbose headers   'content-length': '53967',
216 verbose headers   'accept-ranges': 'bytes',
216 verbose headers   date: 'Mon, 22 Jan 2018 11:38:01 GMT',
216 verbose headers   via: '1.1 varnish',
216 verbose headers   age: '11099',
216 verbose headers   connection: 'keep-alive',
216 verbose headers   'x-served-by': 'cache-hnd18722-HND',
216 verbose headers   'x-cache': 'HIT',
216 verbose headers   'x-cache-hits': '7',
216 verbose headers   'x-timer': 'S1516621082.941971,VS0,VE0',
216 verbose headers   vary: 'Accept-Encoding, Accept' }
217 silly get cb [ 200,
217 silly get   { 'content-type': 'application/json; charset=UTF-8',
217 silly get     server: 'UploadServer',
217 silly get     'cache-control': 'max-age=300',
217 silly get     'last-modified': 'Sat, 20 Jan 2018 2:58:37 GMT',
217 silly get     etag: '"5a62b05d-b1157"',
217 silly get     'content-encoding': 'gzip',
217 silly get     'content-length': '53967',
217 silly get     'accept-ranges': 'bytes',
217 silly get     date: 'Mon, 22 Jan 2018 11:38:01 GMT',
217 silly get     via: '1.1 varnish',
217 silly get     age: '11099',
217 silly get     connection: 'keep-alive',
217 silly get     'x-served-by': 'cache-hnd18722-HND',
217 silly get     'x-cache': 'HIT',
217 silly get     'x-cache-hits': '7',
217 silly get     'x-timer': 'S1516621082.941971,VS0,VE0',
217 silly get     vary: 'Accept-Encoding, Accept' } ]
218 verbose get saving mongoose to /root/.npm/registry.npmjs.org/mongoose/.cache.json
219 silly mapToRegistry name mongoose
220 silly mapToRegistry using default registry
221 silly mapToRegistry registry https://registry.npmjs.org/
222 silly mapToRegistry uri https://registry.npmjs.org/mongoose
223 verbose addRemoteTarball https://registry.npmjs.org/mongoose/-/mongoose-5.0.1.tgz not in flight; adding
224 verbose addRemoteTarball [ 'https://registry.npmjs.org/mongoose/-/mongoose-5.0.1.tgz',
224 verbose addRemoteTarball   'ded04311b9f13c8004e2b0097f3a61653a394361' ]
225 info retry fetch attempt 1 at 8:38:02 PM
226 info attempt registry request try #1 at 8:38:02 PM
227 http fetch GET https://registry.npmjs.org/mongoose/-/mongoose-5.0.1.tgz
228 http fetch 200 https://registry.npmjs.org/mongoose/-/mongoose-5.0.1.tgz
229 http 200 https://registry.npmjs.org/express
230 verbose headers { 'content-type': 'application/json; charset=UTF-8',
230 verbose headers   server: 'UploadServer',
230 verbose headers   'cache-control': 'max-age=300',
230 verbose headers   'last-modified': 'Sat, 20 Jan 2018 22:11:46 GMT',
230 verbose headers   etag: '"5a63bea2-93cb3"',
230 verbose headers   'content-encoding': 'gzip',
230 verbose headers   'content-length': '48105',
230 verbose headers   'accept-ranges': 'bytes',
230 verbose headers   date: 'Mon, 22 Jan 2018 11:38:02 GMT',
230 verbose headers   via: '1.1 varnish',
230 verbose headers   age: '5083',
230 verbose headers   connection: 'keep-alive',
230 verbose headers   'x-served-by': 'cache-hnd18723-HND',
230 verbose headers   'x-cache': 'HIT',
230 verbose headers   'x-cache-hits': '33',
230 verbose headers   'x-timer': 'S1516621083.943558,VS0,VE0',
230 verbose headers   vary: 'Accept-Encoding, Accept' }
231 silly get cb [ 200,
231 silly get   { 'content-type': 'application/json; charset=UTF-8',
231 silly get     server: 'UploadServer',
231 silly get     'cache-control': 'max-age=300',
231 silly get     'last-modified': 'Sat, 20 Jan 2018 22:11:46 GMT',
231 silly get     etag: '"5a63bea2-93cb3"',
231 silly get     'content-encoding': 'gzip',
231 silly get     'content-length': '48105',
231 silly get     'accept-ranges': 'bytes',
231 silly get     date: 'Mon, 22 Jan 2018 11:38:02 GMT',
231 silly get     via: '1.1 varnish',
231 silly get     age: '5083',
231 silly get     connection: 'keep-alive',
231 silly get     'x-served-by': 'cache-hnd18723-HND',
231 silly get     'x-cache': 'HIT',
231 silly get     'x-cache-hits': '33',
231 silly get     'x-timer': 'S1516621083.943558,VS0,VE0',
231 silly get     vary: 'Accept-Encoding, Accept' } ]
232 verbose get saving express to /root/.npm/registry.npmjs.org/express/.cache.json
233 silly mapToRegistry name express
234 silly mapToRegistry using default registry
235 silly mapToRegistry registry https://registry.npmjs.org/
236 silly mapToRegistry uri https://registry.npmjs.org/express
237 verbose addRemoteTarball https://registry.npmjs.org/express/-/express-4.16.2.tgz not in flight; adding
238 verbose addRemoteTarball [ 'https://registry.npmjs.org/express/-/express-4.16.2.tgz',
238 verbose addRemoteTarball   'e35c6dfe2d64b7dca0a5cd4f21781be3299e076c' ]
239 info retry fetch attempt 1 at 8:38:03 PM
240 info attempt registry request try #1 at 8:38:03 PM
241 http fetch GET https://registry.npmjs.org/express/-/express-4.16.2.tgz
242 http fetch 200 https://registry.npmjs.org/express/-/express-4.16.2.tgz
243 silly fetchAndShaCheck shasum e35c6dfe2d64b7dca0a5cd4f21781be3299e076c
244 verbose addTmpTarball /tmp/npm-1468-83ef2b85/registry.npmjs.org/express/-/express-4.16.2.tgz not in flight; adding
245 verbose addTmpTarball already have metadata; skipping unpack for express@4.16.2
246 verbose unbuild node_modules/.staging/express-c284cced
247 silly gentlyRm /root/timetable/node_modules/.staging/express-c284cced is being purged from base /root/timetable
248 verbose gentlyRm don't care about contents; nuking /root/timetable/node_modules/.staging/express-c284cced
249 verbose tar unpack /root/.npm/express/4.16.2/package.tgz
250 verbose tar unpacking to /root/timetable/node_modules/.staging/express-c284cced
251 silly gentlyRm /root/timetable/node_modules/.staging/express-c284cced is being purged
252 verbose gentlyRm don't care about contents; nuking /root/timetable/node_modules/.staging/express-c284cced
253 silly gunzTarPerm modes [ '755', '644' ]
254 silly gunzTarPerm extractEntry package.json
255 silly gunzTarPerm modified mode [ 'package.json', 438, 420 ]
256 silly gunzTarPerm extractEntry LICENSE
257 silly gunzTarPerm modified mode [ 'LICENSE', 438, 420 ]
258 silly gunzTarPerm extractEntry index.js
259 silly gunzTarPerm modified mode [ 'index.js', 438, 420 ]
260 silly gunzTarPerm extractEntry Readme.md
261 silly gunzTarPerm modified mode [ 'Readme.md', 438, 420 ]
262 silly gunzTarPerm extractEntry History.md
263 silly gunzTarPerm modified mode [ 'History.md', 438, 420 ]
264 silly gunzTarPerm extractEntry lib/application.js
265 silly gunzTarPerm modified mode [ 'lib/application.js', 438, 420 ]
266 silly gunzTarPerm extractEntry lib/express.js
267 silly gunzTarPerm modified mode [ 'lib/express.js', 438, 420 ]
268 silly gunzTarPerm extractEntry lib/request.js
269 silly gunzTarPerm modified mode [ 'lib/request.js', 438, 420 ]
270 silly gunzTarPerm extractEntry lib/response.js
271 silly gunzTarPerm modified mode [ 'lib/response.js', 438, 420 ]
272 silly gunzTarPerm extractEntry lib/utils.js
273 silly gunzTarPerm modified mode [ 'lib/utils.js', 438, 420 ]
274 silly gunzTarPerm extractEntry lib/view.js
275 silly gunzTarPerm modified mode [ 'lib/view.js', 438, 420 ]
276 silly gunzTarPerm extractEntry lib/middleware/init.js
277 silly gunzTarPerm modified mode [ 'lib/middleware/init.js', 438, 420 ]
278 silly gunzTarPerm extractEntry lib/middleware/query.js
279 silly gunzTarPerm modified mode [ 'lib/middleware/query.js', 438, 420 ]
280 silly gunzTarPerm extractEntry lib/router/index.js
281 silly gunzTarPerm modified mode [ 'lib/router/index.js', 438, 420 ]
282 silly gunzTarPerm extractEntry lib/router/layer.js
283 silly gunzTarPerm modified mode [ 'lib/router/layer.js', 438, 420 ]
284 silly gunzTarPerm extractEntry lib/router/route.js
285 silly gunzTarPerm modified mode [ 'lib/router/route.js', 438, 420 ]
286 silly gentlyRm /root/timetable/node_modules/.staging/express-c284cced/node_modules is being purged
287 verbose gentlyRm don't care about contents; nuking /root/timetable/node_modules/.staging/express-c284cced/node_modules
288 silly fetchAndShaCheck shasum ded04311b9f13c8004e2b0097f3a61653a394361
289 verbose addTmpTarball /tmp/npm-1468-83ef2b85/registry.npmjs.org/mongoose/-/mongoose-5.0.1.tgz not in flight; adding
290 verbose addTmpTarball already have metadata; skipping unpack for mongoose@5.0.1
291 verbose unbuild node_modules/.staging/mongoose-3aa41eee
292 silly gentlyRm /root/timetable/node_modules/.staging/mongoose-3aa41eee is being purged from base /root/timetable
293 verbose gentlyRm don't care about contents; nuking /root/timetable/node_modules/.staging/mongoose-3aa41eee
294 verbose tar unpack /root/.npm/mongoose/5.0.1/package.tgz
295 verbose tar unpacking to /root/timetable/node_modules/.staging/mongoose-3aa41eee
296 silly gentlyRm /root/timetable/node_modules/.staging/mongoose-3aa41eee is being purged
297 verbose gentlyRm don't care about contents; nuking /root/timetable/node_modules/.staging/mongoose-3aa41eee
298 silly gunzTarPerm modes [ '755', '644' ]
299 silly gunzTarPerm extractEntry package.json
300 silly gunzTarPerm modified mode [ 'package.json', 436, 420 ]
301 silly gunzTarPerm extractEntry .eslintignore
302 silly gunzTarPerm modified mode [ '.eslintignore', 436, 420 ]
303 silly gunzTarPerm extractEntry .travis.yml
304 silly gunzTarPerm modified mode [ '.travis.yml', 436, 420 ]
305 silly gunzTarPerm extractEntry CONTRIBUTING.md
306 silly gunzTarPerm modified mode [ 'CONTRIBUTING.md', 436, 420 ]
307 silly gunzTarPerm extractEntry docs.html
308 silly gunzTarPerm modified mode [ 'docs.html', 436, 420 ]
309 silly gunzTarPerm extractEntry History.md
310 silly gunzTarPerm modified mode [ 'History.md', 436, 420 ]
311 silly gunzTarPerm extractEntry index.js
312 silly gunzTarPerm modified mode [ 'index.js', 436, 420 ]
313 silly gunzTarPerm extractEntry migrating_to_5.md
314 silly gunzTarPerm modified mode [ 'migrating_to_5.md', 436, 420 ]
315 silly gunzTarPerm extractEntry mongoose5_transparent.png
316 silly gunzTarPerm modified mode [ 'mongoose5_transparent.png', 436, 420 ]
317 silly gunzTarPerm extractEntry README.md
318 silly gunzTarPerm modified mode [ 'README.md', 436, 420 ]
319 silly gunzTarPerm extractEntry release-items.md
320 silly gunzTarPerm modified mode [ 'release-items.md', 436, 420 ]
321 silly gunzTarPerm extractEntry static.js
322 silly gunzTarPerm modified mode [ 'static.js', 436, 420 ]
323 silly gunzTarPerm extractEntry website.js
324 silly gunzTarPerm modified mode [ 'website.js', 436, 420 ]
325 silly gunzTarPerm extractEntry .github/ISSUE_TEMPLATE.md
326 silly gunzTarPerm modified mode [ '.github/ISSUE_TEMPLATE.md', 436, 420 ]
327 silly gunzTarPerm extractEntry .github/PULL_REQUEST_TEMPLATE.md
328 silly gunzTarPerm modified mode [ '.github/PULL_REQUEST_TEMPLATE.md', 436, 420 ]
329 silly gunzTarPerm extractEntry examples/aggregate/aggregate.js
330 silly gunzTarPerm modified mode [ 'examples/aggregate/aggregate.js', 436, 420 ]
331 silly gunzTarPerm extractEntry examples/aggregate/package.json
332 silly gunzTarPerm modified mode [ 'examples/aggregate/package.json', 436, 420 ]
333 silly gunzTarPerm extractEntry examples/aggregate/person.js
334 silly gunzTarPerm modified mode [ 'examples/aggregate/person.js', 436, 420 ]
335 silly gunzTarPerm extractEntry examples/doc-methods.js
336 silly gunzTarPerm modified mode [ 'examples/doc-methods.js', 436, 420 ]
337 silly gunzTarPerm extractEntry examples/express/connection-sharing/app.js
338 silly gunzTarPerm modified mode [ 'examples/express/connection-sharing/app.js', 436, 420 ]
339 silly gunzTarPerm extractEntry examples/express/connection-sharing/modelA.js
340 silly gunzTarPerm modified mode [ 'examples/express/connection-sharing/modelA.js', 436, 420 ]
341 silly gunzTarPerm extractEntry examples/express/connection-sharing/package.json
342 silly gunzTarPerm modified mode [ 'examples/express/connection-sharing/package.json', 436, 420 ]
343 silly gunzTarPerm extractEntry examples/express/connection-sharing/README.md
344 silly gunzTarPerm modified mode [ 'examples/express/connection-sharing/README.md', 436, 420 ]
345 silly gunzTarPerm extractEntry examples/express/connection-sharing/routes.js
346 silly gunzTarPerm modified mode [ 'examples/express/connection-sharing/routes.js', 436, 420 ]
347 silly gunzTarPerm extractEntry examples/express/README.md
348 silly gunzTarPerm modified mode [ 'examples/express/README.md', 436, 420 ]
349 silly gunzTarPerm extractEntry examples/geospatial/geoJSONexample.js
350 silly gunzTarPerm modified mode [ 'examples/geospatial/geoJSONexample.js', 436, 420 ]
351 silly gunzTarPerm extractEntry examples/geospatial/geoJSONSchema.js
352 silly gunzTarPerm modified mode [ 'examples/geospatial/geoJSONSchema.js', 436, 420 ]
353 silly gunzTarPerm extractEntry examples/geospatial/geospatial.js
354 silly gunzTarPerm modified mode [ 'examples/geospatial/geospatial.js', 436, 420 ]
355 silly gunzTarPerm extractEntry examples/geospatial/package.json
356 silly gunzTarPerm modified mode [ 'examples/geospatial/package.json', 436, 420 ]
357 silly gunzTarPerm extractEntry examples/geospatial/person.js
358 silly gunzTarPerm modified mode [ 'examples/geospatial/person.js', 436, 420 ]
359 silly gunzTarPerm extractEntry examples/globalschemas/gs_example.js
360 silly gunzTarPerm modified mode [ 'examples/globalschemas/gs_example.js', 436, 420 ]
361 silly gunzTarPerm extractEntry examples/globalschemas/person.js
362 silly gunzTarPerm modified mode [ 'examples/globalschemas/person.js', 436, 420 ]
363 silly gunzTarPerm extractEntry examples/lean/lean.js
364 silly gunzTarPerm modified mode [ 'examples/lean/lean.js', 436, 420 ]
365 silly gunzTarPerm extractEntry examples/lean/package.json
366 silly gunzTarPerm modified mode [ 'examples/lean/package.json', 436, 420 ]
367 silly gunzTarPerm extractEntry examples/lean/person.js
368 silly gunzTarPerm modified mode [ 'examples/lean/person.js', 436, 420 ]
369 silly gunzTarPerm extractEntry examples/mapreduce/mapreduce.js
370 silly gunzTarPerm modified mode [ 'examples/mapreduce/mapreduce.js', 436, 420 ]
371 silly gunzTarPerm extractEntry examples/mapreduce/package.json
372 silly gunzTarPerm modified mode [ 'examples/mapreduce/package.json', 436, 420 ]
373 silly gunzTarPerm extractEntry examples/mapreduce/person.js
374 silly gunzTarPerm modified mode [ 'examples/mapreduce/person.js', 436, 420 ]
375 silly gunzTarPerm extractEntry examples/population/population-across-three-collections.js
376 silly gunzTarPerm modified mode [ 'examples/population/population-across-three-collections.js',
376 silly gunzTarPerm   436,
376 silly gunzTarPerm   420 ]
377 silly gunzTarPerm extractEntry examples/population/population-basic.js
378 silly gunzTarPerm modified mode [ 'examples/population/population-basic.js', 436, 420 ]
379 silly gunzTarPerm extractEntry examples/population/population-of-existing-doc.js
380 silly gunzTarPerm modified mode [ 'examples/population/population-of-existing-doc.js', 436, 420 ]
381 silly gunzTarPerm extractEntry examples/population/population-of-multiple-existing-docs.js
382 silly gunzTarPerm modified mode [ 'examples/population/population-of-multiple-existing-docs.js',
382 silly gunzTarPerm   436,
382 silly gunzTarPerm   420 ]
383 silly gunzTarPerm extractEntry examples/population/population-options.js
384 silly gunzTarPerm modified mode [ 'examples/population/population-options.js', 436, 420 ]
385 silly gunzTarPerm extractEntry examples/population/population-plain-objects.js
386 silly gunzTarPerm modified mode [ 'examples/population/population-plain-objects.js', 436, 420 ]
387 silly gunzTarPerm extractEntry examples/promises/package.json
388 silly gunzTarPerm modified mode [ 'examples/promises/package.json', 436, 420 ]
389 silly gunzTarPerm extractEntry examples/promises/person.js
390 silly gunzTarPerm modified mode [ 'examples/promises/person.js', 436, 420 ]
391 silly gunzTarPerm extractEntry examples/promises/promise.js
392 silly gunzTarPerm modified mode [ 'examples/promises/promise.js', 436, 420 ]
393 silly gunzTarPerm extractEntry examples/querybuilder/package.json
394 silly gunzTarPerm modified mode [ 'examples/querybuilder/package.json', 436, 420 ]
395 silly gunzTarPerm extractEntry examples/querybuilder/person.js
396 silly gunzTarPerm modified mode [ 'examples/querybuilder/person.js', 436, 420 ]
397 silly gunzTarPerm extractEntry examples/querybuilder/querybuilder.js
398 silly gunzTarPerm modified mode [ 'examples/querybuilder/querybuilder.js', 436, 420 ]
399 silly gunzTarPerm extractEntry examples/README.md
400 silly gunzTarPerm modified mode [ 'examples/README.md', 436, 420 ]
401 silly gunzTarPerm extractEntry examples/replicasets/package.json
402 silly gunzTarPerm modified mode [ 'examples/replicasets/package.json', 436, 420 ]
403 silly gunzTarPerm extractEntry examples/replicasets/person.js
404 silly gunzTarPerm modified mode [ 'examples/replicasets/person.js', 436, 420 ]
405 silly gunzTarPerm extractEntry examples/replicasets/replica-sets.js
406 silly gunzTarPerm modified mode [ 'examples/replicasets/replica-sets.js', 436, 420 ]
407 silly gunzTarPerm extractEntry examples/schema/schema.js
408 silly gunzTarPerm modified mode [ 'examples/schema/schema.js', 436, 420 ]
409 silly gunzTarPerm extractEntry examples/schema/storing-schemas-as-json/index.js
410 silly gunzTarPerm modified mode [ 'examples/schema/storing-schemas-as-json/index.js', 436, 420 ]
411 silly gunzTarPerm extractEntry examples/schema/storing-schemas-as-json/schema.json
412 silly gunzTarPerm modified mode [ 'examples/schema/storing-schemas-as-json/schema.json',
412 silly gunzTarPerm   436,
412 silly gunzTarPerm   420 ]
413 silly gunzTarPerm extractEntry examples/statics/person.js
414 silly gunzTarPerm modified mode [ 'examples/statics/person.js', 436, 420 ]
415 silly gunzTarPerm extractEntry examples/statics/statics.js
416 silly gunzTarPerm modified mode [ 'examples/statics/statics.js', 436, 420 ]
417 silly gunzTarPerm extractEntry lib/aggregate.js
418 silly gunzTarPerm modified mode [ 'lib/aggregate.js', 436, 420 ]
419 silly gunzTarPerm extractEntry lib/browser.js
420 silly gunzTarPerm modified mode [ 'lib/browser.js', 436, 420 ]
421 silly gunzTarPerm extractEntry lib/browserDocument.js
422 silly gunzTarPerm modified mode [ 'lib/browserDocument.js', 436, 420 ]
423 silly gunzTarPerm extractEntry lib/cast.js
424 silly gunzTarPerm modified mode [ 'lib/cast.js', 436, 420 ]
425 silly gunzTarPerm extractEntry lib/collection.js
426 silly gunzTarPerm modified mode [ 'lib/collection.js', 436, 420 ]
427 silly gunzTarPerm extractEntry lib/connection.js
428 silly gunzTarPerm modified mode [ 'lib/connection.js', 436, 420 ]
429 silly gunzTarPerm extractEntry lib/connectionstate.js
430 silly gunzTarPerm modified mode [ 'lib/connectionstate.js', 436, 420 ]
431 silly gunzTarPerm extractEntry lib/cursor/AggregationCursor.js
432 silly gunzTarPerm modified mode [ 'lib/cursor/AggregationCursor.js', 436, 420 ]
433 silly gunzTarPerm extractEntry lib/cursor/ChangeStream.js
434 silly gunzTarPerm modified mode [ 'lib/cursor/ChangeStream.js', 436, 420 ]
435 silly gunzTarPerm extractEntry lib/cursor/QueryCursor.js
436 silly gunzTarPerm modified mode [ 'lib/cursor/QueryCursor.js', 436, 420 ]
437 silly gunzTarPerm extractEntry lib/document_provider.js
438 silly gunzTarPerm modified mode [ 'lib/document_provider.js', 436, 420 ]
439 silly gunzTarPerm extractEntry lib/document_provider.web.js
440 silly gunzTarPerm modified mode [ 'lib/document_provider.web.js', 436, 420 ]
441 silly gunzTarPerm extractEntry lib/document.js
442 silly gunzTarPerm modified mode [ 'lib/document.js', 436, 420 ]
443 silly gunzTarPerm extractEntry lib/drivers/browser/binary.js
444 silly gunzTarPerm modified mode [ 'lib/drivers/browser/binary.js', 436, 420 ]
445 silly gunzTarPerm extractEntry lib/drivers/browser/decimal128.js
446 silly gunzTarPerm modified mode [ 'lib/drivers/browser/decimal128.js', 436, 420 ]
447 silly gunzTarPerm extractEntry lib/drivers/browser/index.js
448 silly gunzTarPerm modified mode [ 'lib/drivers/browser/index.js', 436, 420 ]
449 silly gunzTarPerm extractEntry lib/drivers/browser/objectid.js
450 silly gunzTarPerm modified mode [ 'lib/drivers/browser/objectid.js', 436, 420 ]
451 silly gunzTarPerm extractEntry lib/drivers/browser/ReadPreference.js
452 silly gunzTarPerm modified mode [ 'lib/drivers/browser/ReadPreference.js', 436, 420 ]
453 silly gunzTarPerm extractEntry lib/drivers/index.js
454 silly gunzTarPerm modified mode [ 'lib/drivers/index.js', 436, 420 ]
455 silly gunzTarPerm extractEntry lib/drivers/index.web.js
456 silly gunzTarPerm modified mode [ 'lib/drivers/index.web.js', 436, 420 ]
457 silly gunzTarPerm extractEntry lib/drivers/node-mongodb-native/binary.js
458 silly gunzTarPerm modified mode [ 'lib/drivers/node-mongodb-native/binary.js', 436, 420 ]
459 silly gunzTarPerm extractEntry lib/drivers/node-mongodb-native/collection.js
460 silly gunzTarPerm modified mode [ 'lib/drivers/node-mongodb-native/collection.js', 436, 420 ]
461 silly gunzTarPerm extractEntry lib/drivers/node-mongodb-native/connection.js
462 silly gunzTarPerm modified mode [ 'lib/drivers/node-mongodb-native/connection.js', 436, 420 ]
463 silly gunzTarPerm extractEntry lib/drivers/node-mongodb-native/decimal128.js
464 silly gunzTarPerm modified mode [ 'lib/drivers/node-mongodb-native/decimal128.js', 436, 420 ]
465 silly gunzTarPerm extractEntry lib/drivers/node-mongodb-native/index.js
466 silly gunzTarPerm modified mode [ 'lib/drivers/node-mongodb-native/index.js', 436, 420 ]
467 silly gunzTarPerm extractEntry lib/drivers/node-mongodb-native/objectid.js
468 silly gunzTarPerm modified mode [ 'lib/drivers/node-mongodb-native/objectid.js', 436, 420 ]
469 silly gunzTarPerm extractEntry lib/drivers/node-mongodb-native/ReadPreference.js
470 silly gunzTarPerm modified mode [ 'lib/drivers/node-mongodb-native/ReadPreference.js', 436, 420 ]
471 silly gunzTarPerm extractEntry lib/drivers/SPEC.md
472 silly gunzTarPerm modified mode [ 'lib/drivers/SPEC.md', 436, 420 ]
473 silly gunzTarPerm extractEntry lib/error/browserMissingSchema.js
474 silly gunzTarPerm modified mode [ 'lib/error/browserMissingSchema.js', 436, 420 ]
475 silly gunzTarPerm extractEntry lib/error/cast.js
476 silly gunzTarPerm modified mode [ 'lib/error/cast.js', 436, 420 ]
477 silly gunzTarPerm extractEntry lib/error/disconnected.js
478 silly gunzTarPerm modified mode [ 'lib/error/disconnected.js', 436, 420 ]
479 silly gunzTarPerm extractEntry lib/error/divergentArray.js
480 silly gunzTarPerm modified mode [ 'lib/error/divergentArray.js', 436, 420 ]
481 silly gunzTarPerm extractEntry lib/error/index.js
482 silly gunzTarPerm modified mode [ 'lib/error/index.js', 436, 420 ]
483 silly gunzTarPerm extractEntry lib/error/messages.js
484 silly gunzTarPerm modified mode [ 'lib/error/messages.js', 436, 420 ]
485 silly gunzTarPerm extractEntry lib/error/missingSchema.js
486 silly gunzTarPerm modified mode [ 'lib/error/missingSchema.js', 436, 420 ]
487 silly gunzTarPerm extractEntry lib/error/notFound.js
488 silly gunzTarPerm modified mode [ 'lib/error/notFound.js', 436, 420 ]
489 silly gunzTarPerm extractEntry lib/error/objectExpected.js
490 silly gunzTarPerm modified mode [ 'lib/error/objectExpected.js', 436, 420 ]
491 silly gunzTarPerm extractEntry lib/error/objectParameter.js
492 silly gunzTarPerm modified mode [ 'lib/error/objectParameter.js', 436, 420 ]
493 silly gunzTarPerm extractEntry lib/error/overwriteModel.js
494 silly gunzTarPerm modified mode [ 'lib/error/overwriteModel.js', 436, 420 ]
495 silly gunzTarPerm extractEntry lib/error/strict.js
496 silly gunzTarPerm modified mode [ 'lib/error/strict.js', 436, 420 ]
497 silly gunzTarPerm extractEntry lib/error/validation.js
498 silly gunzTarPerm modified mode [ 'lib/error/validation.js', 436, 420 ]
499 silly gunzTarPerm extractEntry lib/error/validator.js
500 silly gunzTarPerm modified mode [ 'lib/error/validator.js', 436, 420 ]
501 silly gunzTarPerm extractEntry lib/error/version.js
502 silly gunzTarPerm modified mode [ 'lib/error/version.js', 436, 420 ]
503 silly gunzTarPerm extractEntry lib/index.js
504 silly gunzTarPerm modified mode [ 'lib/index.js', 436, 420 ]
505 silly gunzTarPerm extractEntry lib/internal.js
506 silly gunzTarPerm modified mode [ 'lib/internal.js', 436, 420 ]
507 silly gunzTarPerm extractEntry lib/model.js
508 silly gunzTarPerm modified mode [ 'lib/model.js', 436, 420 ]
509 silly gunzTarPerm extractEntry lib/options.js
510 silly gunzTarPerm modified mode [ 'lib/options.js', 436, 420 ]
511 silly gunzTarPerm extractEntry lib/plugins/idGetter.js
512 silly gunzTarPerm modified mode [ 'lib/plugins/idGetter.js', 436, 420 ]
513 silly gunzTarPerm extractEntry lib/plugins/removeSubdocs.js
514 silly gunzTarPerm modified mode [ 'lib/plugins/removeSubdocs.js', 436, 420 ]
515 silly gunzTarPerm extractEntry lib/plugins/saveSubdocs.js
516 silly gunzTarPerm modified mode [ 'lib/plugins/saveSubdocs.js', 436, 420 ]
517 silly gunzTarPerm extractEntry lib/plugins/sharding.js
518 silly gunzTarPerm modified mode [ 'lib/plugins/sharding.js', 436, 420 ]
519 silly gunzTarPerm extractEntry lib/plugins/validateBeforeSave.js
520 silly gunzTarPerm modified mode [ 'lib/plugins/validateBeforeSave.js', 436, 420 ]
521 silly gunzTarPerm extractEntry lib/promise_provider.js
522 silly gunzTarPerm modified mode [ 'lib/promise_provider.js', 436, 420 ]
523 silly gunzTarPerm extractEntry lib/query.js
524 silly gunzTarPerm modified mode [ 'lib/query.js', 436, 420 ]
525 silly gunzTarPerm extractEntry lib/queryhelpers.js
526 silly gunzTarPerm modified mode [ 'lib/queryhelpers.js', 436, 420 ]
527 silly gunzTarPerm extractEntry lib/schema.js
528 silly gunzTarPerm modified mode [ 'lib/schema.js', 436, 420 ]
529 silly gunzTarPerm extractEntry lib/schema/array.js
530 silly gunzTarPerm modified mode [ 'lib/schema/array.js', 436, 420 ]
531 silly gunzTarPerm extractEntry lib/schema/boolean.js
532 silly gunzTarPerm modified mode [ 'lib/schema/boolean.js', 436, 420 ]
533 silly gunzTarPerm extractEntry lib/schema/buffer.js
534 silly gunzTarPerm modified mode [ 'lib/schema/buffer.js', 436, 420 ]
535 silly gunzTarPerm extractEntry lib/schema/date.js
536 silly gunzTarPerm modified mode [ 'lib/schema/date.js', 436, 420 ]
537 silly gunzTarPerm extractEntry lib/schema/decimal128.js
538 silly gunzTarPerm modified mode [ 'lib/schema/decimal128.js', 436, 420 ]
539 silly gunzTarPerm extractEntry lib/schema/documentarray.js
540 silly gunzTarPerm modified mode [ 'lib/schema/documentarray.js', 436, 420 ]
541 silly gunzTarPerm extractEntry lib/schema/embedded.js
542 silly gunzTarPerm modified mode [ 'lib/schema/embedded.js', 436, 420 ]
543 silly gunzTarPerm extractEntry lib/schema/index.js
544 silly gunzTarPerm modified mode [ 'lib/schema/index.js', 436, 420 ]
545 silly gunzTarPerm extractEntry lib/schema/mixed.js
546 silly gunzTarPerm modified mode [ 'lib/schema/mixed.js', 436, 420 ]
547 silly gunzTarPerm extractEntry lib/schema/number.js
548 silly gunzTarPerm modified mode [ 'lib/schema/number.js', 436, 420 ]
549 silly gunzTarPerm extractEntry lib/schema/objectid.js
550 silly gunzTarPerm modified mode [ 'lib/schema/objectid.js', 436, 420 ]
551 silly gunzTarPerm extractEntry lib/schema/operators/bitwise.js
552 silly gunzTarPerm modified mode [ 'lib/schema/operators/bitwise.js', 436, 420 ]
553 silly gunzTarPerm extractEntry lib/schema/operators/exists.js
554 silly gunzTarPerm modified mode [ 'lib/schema/operators/exists.js', 436, 420 ]
555 silly gunzTarPerm extractEntry lib/schema/operators/geospatial.js
556 silly gunzTarPerm modified mode [ 'lib/schema/operators/geospatial.js', 436, 420 ]
557 silly gunzTarPerm extractEntry lib/schema/operators/helpers.js
558 silly gunzTarPerm modified mode [ 'lib/schema/operators/helpers.js', 436, 420 ]
559 silly gunzTarPerm extractEntry lib/schema/operators/type.js
560 silly gunzTarPerm modified mode [ 'lib/schema/operators/type.js', 436, 420 ]
561 silly gunzTarPerm extractEntry lib/schema/string.js
562 silly gunzTarPerm modified mode [ 'lib/schema/string.js', 436, 420 ]
563 silly gunzTarPerm extractEntry lib/schematype.js
564 silly gunzTarPerm modified mode [ 'lib/schematype.js', 436, 420 ]
565 silly gunzTarPerm extractEntry lib/services/common.js
566 silly gunzTarPerm modified mode [ 'lib/services/common.js', 436, 420 ]
567 silly gunzTarPerm extractEntry lib/services/cursor/eachAsync.js
568 silly gunzTarPerm modified mode [ 'lib/services/cursor/eachAsync.js', 436, 420 ]
569 silly gunzTarPerm extractEntry lib/services/document/cleanModifiedSubpaths.js
570 silly gunzTarPerm modified mode [ 'lib/services/document/cleanModifiedSubpaths.js', 436, 420 ]
571 silly gunzTarPerm extractEntry lib/services/document/compile.js
572 silly gunzTarPerm modified mode [ 'lib/services/document/compile.js', 436, 420 ]
573 silly gunzTarPerm extractEntry lib/services/model/applyHooks.js
574 silly gunzTarPerm modified mode [ 'lib/services/model/applyHooks.js', 436, 420 ]
575 silly gunzTarPerm extractEntry lib/services/model/applyMethods.js
576 silly gunzTarPerm modified mode [ 'lib/services/model/applyMethods.js', 436, 420 ]
577 silly gunzTarPerm extractEntry lib/services/model/applyStatics.js
578 silly gunzTarPerm modified mode [ 'lib/services/model/applyStatics.js', 436, 420 ]
579 silly gunzTarPerm extractEntry lib/services/model/discriminator.js
580 silly gunzTarPerm modified mode [ 'lib/services/model/discriminator.js', 436, 420 ]
581 silly gunzTarPerm extractEntry lib/services/projection/isDefiningProjection.js
582 silly gunzTarPerm modified mode [ 'lib/services/projection/isDefiningProjection.js', 436, 420 ]
583 silly gunzTarPerm extractEntry lib/services/projection/isInclusive.js
584 silly gunzTarPerm modified mode [ 'lib/services/projection/isInclusive.js', 436, 420 ]
585 silly gunzTarPerm extractEntry lib/services/projection/isPathSelectedInclusive.js
586 silly gunzTarPerm modified mode [ 'lib/services/projection/isPathSelectedInclusive.js',
586 silly gunzTarPerm   436,
586 silly gunzTarPerm   420 ]
587 silly gunzTarPerm extractEntry lib/services/query/castUpdate.js
588 silly gunzTarPerm modified mode [ 'lib/services/query/castUpdate.js', 436, 420 ]
589 silly gunzTarPerm extractEntry lib/services/query/hasDollarKeys.js
590 silly gunzTarPerm modified mode [ 'lib/services/query/hasDollarKeys.js', 436, 420 ]
591 silly gunzTarPerm extractEntry lib/services/query/selectPopulatedFields.js
592 silly gunzTarPerm modified mode [ 'lib/services/query/selectPopulatedFields.js', 436, 420 ]
593 silly gunzTarPerm extractEntry lib/services/setDefaultsOnInsert.js
594 silly gunzTarPerm modified mode [ 'lib/services/setDefaultsOnInsert.js', 436, 420 ]
595 silly gunzTarPerm extractEntry lib/services/updateValidators.js
596 silly gunzTarPerm modified mode [ 'lib/services/updateValidators.js', 436, 420 ]
597 silly gunzTarPerm extractEntry lib/statemachine.js
598 silly gunzTarPerm modified mode [ 'lib/statemachine.js', 436, 420 ]
599 silly gunzTarPerm extractEntry lib/types/array.js
600 silly gunzTarPerm modified mode [ 'lib/types/array.js', 436, 420 ]
601 silly gunzTarPerm extractEntry lib/types/buffer.js
602 silly gunzTarPerm modified mode [ 'lib/types/buffer.js', 436, 420 ]
603 silly gunzTarPerm extractEntry lib/types/decimal128.js
604 silly gunzTarPerm modified mode [ 'lib/types/decimal128.js', 436, 420 ]
605 silly gunzTarPerm extractEntry lib/types/documentarray.js
606 silly gunzTarPerm modified mode [ 'lib/types/documentarray.js', 436, 420 ]
607 silly gunzTarPerm extractEntry lib/types/embedded.js
608 silly gunzTarPerm modified mode [ 'lib/types/embedded.js', 436, 420 ]
609 silly gunzTarPerm extractEntry lib/types/index.js
610 silly gunzTarPerm modified mode [ 'lib/types/index.js', 436, 420 ]
611 silly gunzTarPerm extractEntry lib/types/objectid.js
612 silly gunzTarPerm modified mode [ 'lib/types/objectid.js', 436, 420 ]
613 silly gunzTarPerm extractEntry lib/types/subdocument.js
614 silly gunzTarPerm modified mode [ 'lib/types/subdocument.js', 436, 420 ]
615 silly gunzTarPerm extractEntry lib/utils.js
616 silly gunzTarPerm modified mode [ 'lib/utils.js', 436, 420 ]
617 silly gunzTarPerm extractEntry lib/virtualtype.js
618 silly gunzTarPerm modified mode [ 'lib/virtualtype.js', 436, 420 ]
619 silly gunzTarPerm extractEntry tools/auth.js
620 silly gunzTarPerm modified mode [ 'tools/auth.js', 436, 420 ]
621 silly gunzTarPerm extractEntry tools/repl.js
622 silly gunzTarPerm modified mode [ 'tools/repl.js', 436, 420 ]
623 silly gunzTarPerm extractEntry tools/sharded.js
624 silly gunzTarPerm modified mode [ 'tools/sharded.js', 436, 420 ]
625 silly gentlyRm /root/timetable/node_modules/.staging/mongoose-3aa41eee/node_modules is being purged
626 verbose gentlyRm don't care about contents; nuking /root/timetable/node_modules/.staging/mongoose-3aa41eee/node_modules
627 silly doParallel preinstall 4
628 silly preinstall node-bin-setup@1.0.6 /root/timetable/node_modules/.staging/node-bin-setup-7e609bc9
629 info lifecycle node-bin-setup@1.0.6~preinstall: node-bin-setup@1.0.6
630 silly preinstall express@4.16.2 /root/timetable/node_modules/.staging/express-c284cced
631 info lifecycle express@4.16.2~preinstall: express@4.16.2
632 silly preinstall mongoose@5.0.1 /root/timetable/node_modules/.staging/mongoose-3aa41eee
633 info lifecycle mongoose@5.0.1~preinstall: mongoose@5.0.1
634 silly preinstall node@9.4.0 /root/timetable/node_modules/.staging/node-b1947ec6
635 info lifecycle node@9.4.0~preinstall: node@9.4.0
636 silly lifecycle node-bin-setup@1.0.6~preinstall: no script for preinstall, continuing
637 silly lifecycle express@4.16.2~preinstall: no script for preinstall, continuing
638 silly lifecycle mongoose@5.0.1~preinstall: no script for preinstall, continuing
639 warn lifecycle node@9.4.0~preinstall: cannot run in wd %s %s (wd=%s) node@9.4.0 node installArchSpecificPackage /root/timetable/node_modules/.staging/node-b1947ec6
640 silly doReverseSerial remove 0
641 silly doSerial move 0
642 silly doSerial finalize 4
643 silly finalize /root/timetable/node_modules/node-bin-setup
644 silly finalize /root/timetable/node_modules/express
645 silly finalize /root/timetable/node_modules/mongoose
646 silly finalize /root/timetable/node_modules/node
647 silly doSerial build 4
648 silly build node-bin-setup@1.0.6
649 info linkStuff node-bin-setup@1.0.6
650 silly linkStuff node-bin-setup@1.0.6 has /root/timetable/node_modules as its parent node_modules
651 verbose linkBins node-bin-setup@1.0.6
652 verbose linkMans node-bin-setup@1.0.6
653 silly build express@4.16.2
654 info linkStuff express@4.16.2
655 silly linkStuff express@4.16.2 has /root/timetable/node_modules as its parent node_modules
656 verbose linkBins express@4.16.2
657 verbose linkMans express@4.16.2
658 silly build mongoose@5.0.1
659 info linkStuff mongoose@5.0.1
660 silly linkStuff mongoose@5.0.1 has /root/timetable/node_modules as its parent node_modules
661 verbose linkBins mongoose@5.0.1
662 verbose linkMans mongoose@5.0.1
663 silly build node@9.4.0
664 info linkStuff node@9.4.0
665 silly linkStuff node@9.4.0 has /root/timetable/node_modules as its parent node_modules
666 verbose linkBins node@9.4.0
667 verbose link bins [ { node: 'bin/node' },
667 verbose link bins   '/root/timetable/node_modules/.bin',
667 verbose link bins   false ]
668 verbose linkMans node@9.4.0
669 verbose unlock done using /root/.npm/_locks/staging-ac09b62247921740.lock for /root/timetable/node_modules/.staging
670 silly rollbackFailedOptional Starting
671 silly rollbackFailedOptional Finishing
672 silly runTopLevelLifecycles Starting
673 silly runTopLevelLifecycles Finishing
674 silly install printInstalled
675 warn timetable@1.0.0 No description
676 warn timetable@1.0.0 No repository field.
677 verbose stack Error: ENOENT: no such file or directory, chmod '/root/timetable/node_modules/node/bin/node'
677 verbose stack     at Error (native)
678 verbose cwd /root/timetable
679 error Linux 4.4.0-109-generic
680 error argv "/usr/bin/nodejs" "/usr/bin/npm" "install" "node"
681 error node v4.2.6
682 error npm  v3.5.2
683 error path /root/timetable/node_modules/node/bin/node
684 error code ENOENT
685 error errno -2
686 error syscall chmod
687 error enoent ENOENT: no such file or directory, chmod '/root/timetable/node_modules/node/bin/node'
688 error enoent ENOENT: no such file or directory, chmod '/root/timetable/node_modules/node/bin/node'
688 error enoent This is most likely not a problem with npm itself
688 error enoent and is related to npm not being able to find a file.
689 verbose exit [ -2, true ]
